<?xml version="1.0" encoding="UTF-8" ?>
<testsuite tests="7" failures="0" name="TesteSomaMaiorMenor" time="0.014" errors="0" skipped="0">
  <properties>
[...]
</properties>
  <testcase classname="TesteSomaMaiorMenor" name="TesteSomaMaiorMenor.testeMaiorA" time="0.014"/>
  <testcase classname="TesteSomaMaiorMenor" name="TesteSomaMaiorMenor.testeSoma" time="0"/>
  <testcase classname="TesteSomaMaiorMenor" name="TesteSomaMaiorMenor.testeMaiorB" time="0"/>
  <testcase classname="TesteSomaMaiorMenor" name="TesteSomaMaiorMenor.testeMenorC" time="0"/>
  <testcase classname="TesteSomaMaiorMenor" name="TesteSomaMaiorMenor.testeMenorB" time="0"/>
  <testcase classname="TesteSomaMaiorMenor" name="TesteSomaMaiorMenor.testeMenorA" time="0"/>
  <testcase classname="TesteSomaMaiorMenor" name="TesteSomaMaiorMenor.testeMaiorC" time="0"/>
</testsuite>